<?xml version="1.0" encoding="UTF-8"?>
<testsuite xmlns:xsi="http://www.w3.org/2001/XMLSchema-instance" xsi:noNamespaceSchemaLocation="https://maven.apache.org/surefire/maven-surefire-plugin/xsd/surefire-test-report-3.0.xsd" version="3.0" name="com.hackathon.hack_attack.HackAttackApplicationTests" time="3.071" tests="1" errors="0" skipped="0" failures="0">
  <properties>
[...]
</properties>
  <testcase name="contextLoads" classname="com.hackathon.hack_attack.HackAttackApplicationTests" time="1.023">
    <system-out><![CDATA[08:30:57.067 [main] INFO org.springframework.test.context.support.AnnotationConfigContextLoaderUtils -- Could not detect default configuration classes for test class [com.hackathon.hack_attack.HackAttackApplicationTests]: HackAttackApplicationTests does not declare any static, non-private, non-final, nested classes annotated with @Configuration.
08:30:57.187 [main] INFO org.springframework.boot.test.context.SpringBootTestContextBootstrapper -- Found @SpringBootConfiguration com.hackathon.hack_attack.HackAttackApplication for test class com.hackathon.hack_attack.HackAttackApplicationTests
08:30:57.363 [main] INFO org.springframework.boot.devtools.restart.RestartApplicationListener -- Restart disabled due to context in which it is running

  .   ____          _            __ _ _
 /\\ / ___'_ __ _ _(_)_ __  __ _ \ \ \ \
( ( )\___ | '_ | '_| | '_ \/ _` | \ \ \ \
 \\/  ___)| |_)| | | | | || (_| |  ) ) ) )
  '  |____| .__|_| |_|_| |_\__, | / / / /
 =========|_|==============|___/=/_/_/_/

 :: Spring Boot ::                (v3.3.2)

2024-07-27T08:30:57.644+05:30  INFO 3576 --- [hack-attack] [           main] c.h.h.HackAttackApplicationTests         : Starting HackAttackApplicationTests using Java 18.0.1.1 with PID 3576 (started by vasur in C:\Users\vasur\Downloads\hack-attack\hack-attack)
2024-07-27T08:30:57.646+05:30  INFO 3576 --- [hack-attack] [           main] c.h.h.HackAttackApplicationTests         : No active profile set, falling back to 1 default profile: "default"
2024-07-27T08:30:58.900+05:30  INFO 3576 --- [hack-attack] [           main] c.h.h.HackAttackApplicationTests         : Started HackAttackApplicationTests in 1.551 seconds (process running for 2.605)
]]></system-out>
  </testcase>
</testsuite>